#
# There is insufficient memory for the Java Runtime Environment to continue.
# Native memory allocation (mmap) failed to map 132120576 bytes for G1 virtual space
# Possible reasons:
#   The system is out of physical RAM or swap space
#   The process is running with CompressedOops enabled, and the Java Heap may be blocking the growth of the native heap
# Possible solutions:
#   Reduce memory load on the system
#   Increase physical memory or swap space
#   Check if swap backing store is full
#   Decrease Java heap size (-Xmx/-Xms)
#   Decrease number of Java threads
#   Decrease Java thread stack sizes (-Xss)
#   Set larger code cache with -XX:ReservedCodeCacheSize=
#   JVM is running with Unscaled Compressed Oops mode in which the Java heap is
#     placed in the first 4GB address space. The Java Heap base address is the
#     maximum limit for the native heap growth. Please use -XX:HeapBaseMinAddress
#     to set the Java Heap base and to place the Java Heap above 4GB virtual address.
# This output file may be truncated or incomplete.
#
#  Out of Memory Error (os_windows.cpp:3613), pid=22644, tid=18880
#
# JRE version:  (17.0.9+8) (build )
# Java VM: OpenJDK 64-Bit Server VM (17.0.9+8-LTS, mixed mode, emulated-client, sharing, tiered, compressed oops, compressed class ptrs, g1 gc, windows-amd64)
# No core dump will be written. Minidumps are not enabled by default on client versions of Windows
#

---------------  S U M M A R Y ------------

Command Line: -XX:TieredStopAtLevel=1 -Xverify:none -Dspring.output.ansi.enabled=always -javaagent:C:\Program Files\JetBrains\IntelliJ IDEA 2021.3\lib\idea_rt.jar=55528:C:\Program Files\JetBrains\IntelliJ IDEA 2021.3\bin -Dcom.sun.management.jmxremote -Dspring.jmx.enabled=true -Dspring.liveBeansView.mbeanDomain -Dspring.application.admin.enabled=true -Dfile.encoding=windows-1251 com.example.db.DBApplication

Host: Intel(R) Core(TM) i5-10300H CPU @ 2.50GHz, 8 cores, 7G,  Windows 11 , 64 bit Build 22621 (10.0.22621.2506)
Time: Tue Feb 13 13:07:24 2024 RTZ 2 (s 11 , 64 bit Build 22621 (10.0.22621.2506) elapsed time: 0.019694 seconds (0d 0h 0m 0s)

---------------  T H R E A D  ---------------

Current thread (0x000002d973b4a3f0):  JavaThread "Unknown thread" [_thread_in_vm, id=18880, stack(0x000000e8fc200000,0x000000e8fc300000)]

Stack: [0x000000e8fc200000,0x000000e8fc300000]
Native frames: (J=compiled Java code, j=interpreted, Vv=VM code, C=native code)
V  [jvm.dll+0x67cb49]
V  [jvm.dll+0x8344da]
V  [jvm.dll+0x835f9e]
V  [jvm.dll+0x836603]
V  [jvm.dll+0x247b5f]
V  [jvm.dll+0x679969]
V  [jvm.dll+0x66e2ba]
V  [jvm.dll+0x307a5b]
V  [jvm.dll+0x30ef06]
V  [jvm.dll+0x35ecee]
V  [jvm.dll+0x35ef1f]
V  [jvm.dll+0x2de658]
V  [jvm.dll+0x2df5c4]
V  [jvm.dll+0x805d51]
V  [jvm.dll+0x36cb51]
V  [jvm.dll+0x7e47dc]
V  [jvm.dll+0x3f03cf]
V  [jvm.dll+0x3f2001]
C  [jli.dll+0x528f]
C  [ucrtbase.dll+0x29363]
C  [KERNEL32.DLL+0x1257d]
C  [ntdll.dll+0x5aa58]


---------------  P R O C E S S  ---------------

Threads class SMR info:
_java_thread_list=0x00007ff8d7a2ee98, length=0, elements={
}

Java Threads: ( => current thread )

Other Threads:
  0x000002d973ba59c0 GCTaskThread "GC Thread#0" [stack: 0x000000e8fc300000,0x000000e8fc400000] [id=24804]
  0x000002d973bb64e0 ConcurrentGCThread "G1 Main Marker" [stack: 0x000000e8fc400000,0x000000e8fc500000] [id=11352]
  0x000002d973bb76a0 ConcurrentGCThread "G1 Conc#0" [stack: 0x000000e8fc500000,0x000000e8fc600000] [id=7904]

[error occurred during error reporting (printing all threads), id 0xc0000005, EXCEPTION_ACCESS_VIOLATION (0xc0000005) at pc=0x00007ff8d71ef097]

VM state: not at safepoint (not fully initialized)

VM Mutex/Monitor currently owned by a thread:  ([mutex/lock_event])
[0x000002d973b462d0] Heap_lock - owner thread: 0x000002d973b4a3f0

Heap address: 0x0000000082800000, size: 2008 MB, Compressed Oops mode: 32-bit

CDS archive(s) mapped at: [0x0000000000000000-0x0000000000000000-0x0000000000000000), size 0, SharedBaseAddress: 0x0000000800000000, ArchiveRelocationMode: 1.
Narrow klass base: 0x0000000000000000, Narrow klass shift: 0, Narrow klass range: 0x0

GC Precious Log:
<Empty>

Heap:
 garbage-first heap   total 0K, used 0K [0x0000000082800000, 0x0000000100000000)
  region size 1024K, 0 young (0K), 0 survivors (0K)

[error occurred during error reporting (printing heap information), id 0xc0000005, EXCEPTION_ACCESS_VIOLATION (0xc0000005) at pc=0x00007ff8d75d68f9]

GC Heap History (0 events):
No events

Dll operation events (1 events):
Event: 0.012 Loaded shared library C:\Users\лара\.jdks\corretto-17.0.9\bin\java.dll

Deoptimization events (0 events):
No events

Classes unloaded (0 events):
No events

Classes redefined (0 events):
No events

Internal exceptions (0 events):
No events

VM Operations (0 events):
No events

Events (0 events):
No events


Dynamic libraries:
0x00007ff6b7c00000 - 0x00007ff6b7c0e000 	C:\Users\лара\.jdks\corretto-17.0.9\bin\java.exe
0x00007ff928e50000 - 0x00007ff929067000 	C:\WINDOWS\SYSTEM32\ntdll.dll
0x00007ff8fae90000 - 0x00007ff8faea9000 	C:\Program Files\Avast Software\Avast\aswhook.dll
0x00007ff928770000 - 0x00007ff928834000 	C:\WINDOWS\System32\KERNEL32.DLL
0x00007ff9267f0000 - 0x00007ff926b96000 	C:\WINDOWS\System32\KERNELBASE.dll
0x00007ff926560000 - 0x00007ff926671000 	C:\WINDOWS\System32\ucrtbase.dll
0x00007ff920660000 - 0x00007ff92067b000 	C:\Users\лара\.jdks\corretto-17.0.9\bin\VCRUNTIME140.dll
0x00007ff9259c0000 - 0x00007ff9259d7000 	C:\Users\лара\.jdks\corretto-17.0.9\bin\jli.dll
0x00007ff927cf0000 - 0x00007ff927e9e000 	C:\WINDOWS\System32\USER32.dll
0x00007ff9267c0000 - 0x00007ff9267e6000 	C:\WINDOWS\System32\win32u.dll
0x00007ff925370000 - 0x00007ff925603000 	C:\WINDOWS\WinSxS\amd64_microsoft.windows.common-controls_6595b64144ccf1df_6.0.22621.2506_none_270c5ae97388e100\COMCTL32.dll
0x00007ff927c70000 - 0x00007ff927c99000 	C:\WINDOWS\System32\GDI32.dll
0x00007ff926e20000 - 0x00007ff926ec7000 	C:\WINDOWS\System32\msvcrt.dll
0x00007ff9262a0000 - 0x00007ff9263b8000 	C:\WINDOWS\System32\gdi32full.dll
0x00007ff926190000 - 0x00007ff92622a000 	C:\WINDOWS\System32\msvcp_win.dll
0x00007ff928dd0000 - 0x00007ff928e01000 	C:\WINDOWS\System32\IMM32.DLL
0x00007ff924b00000 - 0x00007ff924b0c000 	C:\Users\лара\.jdks\corretto-17.0.9\bin\vcruntime140_1.dll
0x00007ff915ef0000 - 0x00007ff915f7d000 	C:\Users\лара\.jdks\corretto-17.0.9\bin\msvcp140.dll
0x00007ff8d6f00000 - 0x00007ff8d7b61000 	C:\Users\лара\.jdks\corretto-17.0.9\bin\server\jvm.dll
0x00007ff928940000 - 0x00007ff9289f3000 	C:\WINDOWS\System32\ADVAPI32.dll
0x00007ff926d70000 - 0x00007ff926e18000 	C:\WINDOWS\System32\sechost.dll
0x00007ff9263c0000 - 0x00007ff9263e8000 	C:\WINDOWS\System32\bcrypt.dll
0x00007ff928af0000 - 0x00007ff928c07000 	C:\WINDOWS\System32\RPCRT4.dll
0x00007ff90be80000 - 0x00007ff90be89000 	C:\WINDOWS\SYSTEM32\WSOCK32.dll
0x00007ff925ab0000 - 0x00007ff925afd000 	C:\WINDOWS\SYSTEM32\POWRPROF.dll
0x00007ff926ed0000 - 0x00007ff926f41000 	C:\WINDOWS\System32\WS2_32.dll
0x00007ff91c970000 - 0x00007ff91c9a4000 	C:\WINDOWS\SYSTEM32\WINMM.dll
0x00007ff911750000 - 0x00007ff91175a000 	C:\WINDOWS\SYSTEM32\VERSION.dll
0x00007ff925680000 - 0x00007ff925693000 	C:\WINDOWS\SYSTEM32\UMPDC.dll
0x00007ff924460000 - 0x00007ff924478000 	C:\WINDOWS\SYSTEM32\kernel.appcore.dll
0x00007ff924600000 - 0x00007ff92460a000 	C:\Users\лара\.jdks\corretto-17.0.9\bin\jimage.dll
0x00007ff925b00000 - 0x00007ff925d33000 	C:\WINDOWS\SYSTEM32\DBGHELP.DLL
0x00007ff928320000 - 0x00007ff9286a9000 	C:\WINDOWS\System32\combase.dll
0x00007ff928a10000 - 0x00007ff928ae7000 	C:\WINDOWS\System32\OLEAUT32.dll
0x00007ff925980000 - 0x00007ff9259b2000 	C:\WINDOWS\SYSTEM32\dbgcore.DLL
0x00007ff926740000 - 0x00007ff9267ba000 	C:\WINDOWS\System32\bcryptPrimitives.dll
0x00007ff9224e0000 - 0x00007ff9224ee000 	C:\Users\лара\.jdks\corretto-17.0.9\bin\instrument.dll
0x00007ff9205f0000 - 0x00007ff920615000 	C:\Users\лара\.jdks\corretto-17.0.9\bin\java.dll

dbghelp: loaded successfully - version: 4.0.5 - missing functions: none
symbol engine: initialized successfully - sym options: 0x614 - pdb path: .;C:\Users\лара\.jdks\corretto-17.0.9\bin;C:\WINDOWS\SYSTEM32;C:\Program Files\Avast Software\Avast;C:\WINDOWS\WinSxS\amd64_microsoft.windows.common-controls_6595b64144ccf1df_6.0.22621.2506_none_270c5ae97388e100;C:\Users\лара\.jdks\corretto-17.0.9\bin\server

VM Arguments:
jvm_args: -XX:TieredStopAtLevel=1 -Xverify:none -Dspring.output.ansi.enabled=always -javaagent:C:\Program Files\JetBrains\IntelliJ IDEA 2021.3\lib\idea_rt.jar=55528:C:\Program Files\JetBrains\IntelliJ IDEA 2021.3\bin -Dcom.sun.management.jmxremote -Dspring.jmx.enabled=true -Dspring.liveBeansView.mbeanDomain -Dspring.application.admin.enabled=true -Dfile.encoding=windows-1251 
java_command: com.example.db.DBApplication
java_class_path (initial): C:\Users\лара\Downloads\db\db\target\classes;C:\Users\лара\Downloads\db\db\lib\javax.ejb.jar;C:\Users\лара\Downloads\db\db\lib\javax.persistence.jar;C:\Users\лара\Downloads\db\db\lib\javax.resource.jar;C:\Users\лара\Downloads\db\db\lib\javax.servlet.jsp.jar;C:\Users\лара\Downloads\db\db\lib\javax.jms.jar;C:\Users\лара\Downloads\db\db\lib\javax.annotation.jar;C:\Users\лара\Downloads\db\db\lib\javax.transaction.jar;C:\Users\лара\Downloads\db\db\lib\javax.servlet.jsp.jstl.jar;C:\Users\лара\Downloads\db\db\lib\javax.servlet.jar;C:\Users\лара\.m2\repository\org\springframework\boot\spring-boot-starter-data-jdbc\3.2.1\spring-boot-starter-data-jdbc-3.2.1.jar;C:\Users\лара\.m2\repository\org\springframework\data\spring-data-jdbc\3.2.1\spring-data-jdbc-3.2.1.jar;C:\Users\лара\.m2\repository\org\springframework\data\spring-data-relational\3.2.1\spring-data-relational-3.2.1.jar;C:\Users\лара\.m2\repository\com\github\jsqlparser\jsqlparser\4.6\jsqlparser-4.6.jar;C:\Users\лара\.m2\repository\org\springframework\data\spring-data-commons\3.2.1\spring-data-commons-3.2.1.jar;C:\Users\лара\.m2\repository\org\springframework\spring-tx\6.1.2\spring-tx-6.1.2.jar;C:\Users\лара\.m2\repository\org\springframework\spring-context\6.1.2\spring-context-6.1.2.jar;C:\Users\лара\.m2\repository\org\springframework\spring-beans\6.1.2\spring-beans-6.1.2.jar;C:\Users\лара\.m2\repository\org\slf4j\slf4j-api\2.0.9\slf4j-api-2.0.9.jar;C:\Users\лара\.m2\repository\org\springframework\boot\spring-boot-starter-data-jpa\3.2.1\spring-boot-starter-data-jpa-3.2.1.jar;C:\Users\лара\.m2\repository\org\springframework\boot\spring-boot-starter-aop\3.2.1\spring-boot-starter-aop-3.2.1.jar;C:\Users\лара\.m2\repository\org\aspectj\aspectjweaver\1.9.21\aspectjweaver-1.9.21.jar;C:\Users\лара\.m2\repository\org\hibernate\orm\hibernate-core\6.4.1.Final\hibernate-core-6.4.1.Final.jar;C:\Users\лара\.m2\repository\jakarta\persistence\jakarta.persistence-api\3.1.0\jakarta.persistence-api-3.1.0.jar
Launcher Type: SUN_STANDARD

[Global flags]
     intx CICompilerCount                          = 4                                         {product} {ergonomic}
     uint ConcGCThreads                            = 2                                         {product} {ergonomic}
     uint G1ConcRefinementThreads                  = 8                                         {product} {ergonomic}
   size_t G1HeapRegionSize                         = 1048576                                   {product} {ergonomic}
    uintx GCDrainStackTargetSize                   = 64                                        {product} {ergonomic}
   size_t InitialHeapSize                          = 132120576                                 {product} {ergonomic}
     bool ManagementServer                         = true                                      {product} {command line}
   size_t MarkStackSize                            = 4194304                                   {product} {ergonomic}
   size_t MaxHeapSize                              = 2105540608                                {product} {ergonomic}
   size_t MinHeapDeltaBytes                        = 1048576                                   {product} {ergonomic}
   size_t MinHeapSize                              = 8388608                                   {product} {ergonomic}
    uintx NonProfiledCodeHeapSize                  = 0                                      {pd product} {ergonomic}
     bool ProfileInterpreter                       = false                                  {pd product} {command line}
    uintx ProfiledCodeHeapSize                     = 0                                      {pd product} {ergonomic}
   size_t SoftMaxHeapSize                          = 2105540608                             {manageable} {ergonomic}
     intx TieredStopAtLevel                        = 1                                         {product} {command line}
     bool UseCompressedClassPointers               = true                           {product lp64_product} {ergonomic}
     bool UseCompressedOops                        = true                           {product lp64_product} {ergonomic}
     bool UseG1GC                                  = true                                      {product} {ergonomic}
     bool UseLargePagesIndividualAllocation        = false                                  {pd product} {ergonomic}

Logging:
Log output configuration:
 #0: stdout all=warning uptime,level,tags
 #1: stderr all=off uptime,level,tags

Environment Variables:
JAVA_HOME=C:\Program Files\Java\jdk1.8.0_301
PATH=C:\Program Files\Common Files\Oracle\Java\javapath;C:\Program Files\Microsoft\jdk-11.0.16.101-hotspot\bin;C:\Program Files (x86)\Common Files\Oracle\Java\javapath;C:\Windows\system32;C:\Windows;C:\Windows\System32\Wbem;C:\Windows\System32\WindowsPowerShell\v1.0\;C:\Windows\System32\OpenSSH\;C:\Program Files (x86)\NVIDIA Corporation\PhysX\Common;C:\Program Files\NVIDIA Corporation\NVIDIA NvDLISR;C:\Program Files\Java\jdk1.8.0_301\bin;C:\Program Files\PuTTY\;C:\WINDOWS\system32;C:\WINDOWS;C:\WINDOWS\System32\Wbem;C:\WINDOWS\System32\WindowsPowerShell\v1.0\;C:\WINDOWS\System32\OpenSSH\;C:\Program Files\MiKTeX\miktex\bin\x64\;C:\php;C:\Program Files\nodejs\;C:\Program Files\Git\cmd;C:\Program Files\Microsoft SQL Server\150\Tools\Binn\;C:\Program Files\Microsoft SQL Server\Client SDK\ODBC\170\Tools\Binn\;C:\Program Files\dotnet\;C:\Program Files (x86)\Windows Kits\10\Windows Performance Toolkit\;C:\Users\лара\AppData\Local\Programs\Python\Python38\Scripts\;C:\Users\лара\AppData\Local\Programs\Python\Python38\;C:\Users\лара\AppData\Local\Microsoft\WindowsApps;C:\Program Files\JetBrains\IntelliJ IDEA 2021.3\bin;;C:\Users\лара\AppData\Local\GitHubDesktop\bin;C:\Users\лара\AppData\Local\Programs\Microsoft VS Code\bin;C:\Program Files\JetBrains\PhpStorm 2022.2.1\bin;;C:\Users\лара\AppData\Roaming\npm;C:\Program Files\JetBrains\WebStorm 2022.2.2\bin;;C:\Program Files\JetBrains\CLion 2023.2.2\bin;;;C:\Program Files\JetBrains\PyCharm 2023.1\bin;;C:\Program Files\JetBrains\DataGrip 2023.2.1\bin;;C:\Program Files\JetBrains\JetBrains Rider 2023.2.2\bin;;C:\Users\лара\.dotnet\tools
USERNAME=лара
OS=Windows_NT
PROCESSOR_IDENTIFIER=Intel64 Family 6 Model 165 Stepping 2, GenuineIntel
TMP=C:\Users\E48F~1\AppData\Local\Temp
TEMP=C:\Users\E48F~1\AppData\Local\Temp



Periodic native trim disabled


---------------  S Y S T E M  ---------------

OS:
 Windows 11 , 64 bit Build 22621 (10.0.22621.2506)
OS uptime: 18 days 17:10 hours

CPU: total 8 (initial active 8) (4 cores per cpu, 2 threads per core) family 6 model 165 stepping 2 microcode 0xe0, cx8, cmov, fxsr, ht, mmx, 3dnowpref, sse, sse2, sse3, ssse3, sse4.1, sse4.2, popcnt, lzcnt, tsc, tscinvbit, avx, avx2, aes, erms, clmul, bmi1, bmi2, adx, fma, vzeroupper, clflush, clflushopt
Processor Information for all 8 processors :
  Max Mhz: 2496, Current Mhz: 2496, Mhz Limit: 2496

Memory: 4k page, system-wide physical 8029M (583M free)
TotalPageFile size 17053M (AvailPageFile size 107M)
current process WorkingSet (physical memory assigned to process): 11M, peak: 11M
current process commit charge ("private bytes"): 55M, peak: 181M

vm_info: OpenJDK 64-Bit Server VM (17.0.9+8-LTS) for windows-amd64 JRE (17.0.9+8-LTS), built on Oct 12 2023 16:15:33 by "Administrator" with MS VC++ 16.10 / 16.11 (VS2019)

END.
